<?xml version="1.0" encoding="UTF-8"?>
<!-- Generated by org.testng.reporters.JUnitReportReporter -->
<testsuite hostname="DESKTOP-TFSG58B" failures="0" tests="1" name="testscript.Base" time="30.839" errors="0" timestamp="2025-05-03T21:27:51 IST" skipped="0">
  <testcase classname="testscript.Base" name="beforeMethod" time="30.839"/>
</testsuite> <!-- testscript.Base -->
